{"/Users/luckybear/Desktop/gb/thai-ride-app/src/composables/useOrderNumber.ts": {"path":"/Users/luckybear/Desktop/gb/thai-ride-app/src/composables/useOrderNumber.ts","statementMap":{"0":{"start":{"line":31,"column":2},"end":{"line":33,"column":null}},"1":{"start":{"line":32,"column":4},"end":{"line":32,"column":null}},"2":{"start":{"line":36,"column":22},"end":{"line":36,"column":null}},"3":{"start":{"line":39,"column":2},"end":{"line":41,"column":null}},"4":{"start":{"line":40,"column":4},"end":{"line":40,"column":null}},"5":{"start":{"line":45,"column":20},"end":{"line":45,"column":null}},"6":{"start":{"line":47,"column":2},"end":{"line":51,"column":null}},"7":{"start":{"line":49,"column":4},"end":{"line":49,"column":null}},"8":{"start":{"line":50,"column":4},"end":{"line":50,"column":null}},"9":{"start":{"line":54,"column":2},"end":{"line":56,"column":null}},"10":{"start":{"line":55,"column":4},"end":{"line":55,"column":null}},"11":{"start":{"line":59,"column":2},"end":{"line":59,"column":null}},"12":{"start":{"line":74,"column":2},"end":{"line":76,"column":null}}},"fnMap":{"0":{"name":"formatOrderNumber","decl":{"start":{"line":26,"column":16},"end":{"line":26,"column":null}},"loc":{"start":{"line":29,"column":10},"end":{"line":60,"column":null}},"line":29},"1":{"name":"useOrderNumber","decl":{"start":{"line":73,"column":16},"end":{"line":73,"column":33}},"loc":{"start":{"line":73,"column":33},"end":{"line":77,"column":null}},"line":73}},"branchMap":{"0":{"loc":{"start":{"line":28,"column":2},"end":{"line":28,"column":null}},"type":"default-arg","locations":[{"start":{"line":28,"column":30},"end":{"line":28,"column":null}}],"line":28},"1":{"loc":{"start":{"line":31,"column":2},"end":{"line":33,"column":null}},"type":"if","locations":[{"start":{"line":31,"column":2},"end":{"line":33,"column":null}},{"start":{},"end":{}}],"line":31},"2":{"loc":{"start":{"line":31,"column":6},"end":{"line":31,"column":41}},"type":"binary-expr","locations":[{"start":{"line":31,"column":6},"end":{"line":31,"column":15}},{"start":{"line":31,"column":15},"end":{"line":31,"column":41}}],"line":31},"3":{"loc":{"start":{"line":39,"column":2},"end":{"line":41,"column":null}},"type":"if","locations":[{"start":{"line":39,"column":2},"end":{"line":41,"column":null}},{"start":{},"end":{}}],"line":39},"4":{"loc":{"start":{"line":47,"column":2},"end":{"line":51,"column":null}},"type":"if","locations":[{"start":{"line":47,"column":2},"end":{"line":51,"column":null}},{"start":{},"end":{}}],"line":47},"5":{"loc":{"start":{"line":54,"column":2},"end":{"line":56,"column":null}},"type":"if","locations":[{"start":{"line":54,"column":2},"end":{"line":56,"column":null}},{"start":{},"end":{}}],"line":54}},"s":{"0":22,"1":4,"2":18,"3":18,"4":1,"5":17,"6":17,"7":6,"8":6,"9":11,"10":2,"11":9,"12":2},"f":{"0":22,"1":2},"b":{"0":[22],"1":[4,18],"2":[22,19],"3":[1,17],"4":[6,11],"5":[2,9]},"meta":{"lastBranch":6,"lastFunction":2,"lastStatement":13,"seen":{"f:26:16:26:Infinity":0,"b:28:30:28:Infinity":0,"b:31:2:33:Infinity:undefined:undefined:undefined:undefined":1,"s:31:2:33:Infinity":0,"b:31:6:31:15:31:15:31:41":2,"s:32:4:32:Infinity":1,"s:36:22:36:Infinity":2,"b:39:2:41:Infinity:undefined:undefined:undefined:undefined":3,"s:39:2:41:Infinity":3,"s:40:4:40:Infinity":4,"s:45:20:45:Infinity":5,"b:47:2:51:Infinity:undefined:undefined:undefined:undefined":4,"s:47:2:51:Infinity":6,"s:49:4:49:Infinity":7,"s:50:4:50:Infinity":8,"b:54:2:56:Infinity:undefined:undefined:undefined:undefined":5,"s:54:2:56:Infinity":9,"s:55:4:55:Infinity":10,"s:59:2:59:Infinity":11,"f:73:16:73:33":1,"s:74:2:76:Infinity":12}}}
}
